{
  "stats": {
    "suites": 3,
    "tests": 11,
    "passes": 6,
    "pending": 0,
    "failures": 5,
    "testsRegistered": 11,
    "passPercent": 54.54545454545455,
    "pendingPercent": 0,
    "other": 0,
    "hasOther": false,
    "skipped": 0,
    "hasSkipped": false,
    "start": "2025-07-24T17:06:46.241Z",
    "end": "2025-07-24T17:07:56.083Z",
    "duration": 69842
  },
  "results": [
    {
      "uuid": "53dbabb7-668f-48bc-bd9b-b30789d5447c",
      "title": "",
      "fullFile": "cypress/e2e/login_suite/LogIn.js",
      "file": "cypress/e2e/login_suite/LogIn.js",
      "beforeHooks": [],
      "afterHooks": [],
      "tests": [],
      "suites": [
        {
          "uuid": "3844bbad-7f9e-49cd-9d78-4724da528327",
          "title": "test the Login Page for Laboratorio del testing page ",
          "fullFile": "",
          "file": "",
          "beforeHooks": [],
          "afterHooks": [],
          "tests": [
            {
              "title": "Login successfully",
              "fullTitle": "test the Login Page for Laboratorio del testing page  Login successfully",
              "timedOut": null,
              "duration": 4322,
              "state": "passed",
              "speed": "fast",
              "pass": true,
              "fail": false,
              "pending": false,
              "context": null,
              "code": "cy.get('input[name=\"email\"]').type('huge2.test@gmail.com');\ncy.get('input[name=\"password\"]').type('Monday12.');\ncy.get('[data-at=\"submit-login\"]').click();\ncy.get('[href=\"/my-account\"]').should('have.text', 'Mi Cuenta')",
              "err": {},
              "uuid": "6caf25aa-ae75-4c5f-883d-8e785412d550",
              "parentUUID": "3844bbad-7f9e-49cd-9d78-4724da528327",
              "isHook": false,
              "skipped": false
            },
            {
              "title": "Login unsuccessfully with wrong email",
              "fullTitle": "test the Login Page for Laboratorio del testing page  Login unsuccessfully with wrong email",
              "timedOut": null,
              "duration": 2105,
              "state": "passed",
              "speed": "fast",
              "pass": true,
              "fail": false,
              "pending": false,
              "context": null,
              "code": "cy.get('input[name=\"email\"]').type('whuge2.test@gmail.com');\ncy.get('input[name=\"password\"]').type('Monday12.');\ncy.get('[data-at=\"submit-login\"]').click();\ncy.get('#swal2-html-container').should('have.text', 'No pudimos iniciar sesión con estas credenciales. Intenta de nuevo.')",
              "err": {},
              "uuid": "10683832-0a9f-4070-8086-ec4cca50a0f4",
              "parentUUID": "3844bbad-7f9e-49cd-9d78-4724da528327",
              "isHook": false,
              "skipped": false
            },
            {
              "title": "Login unsuccessfully with wrong password",
              "fullTitle": "test the Login Page for Laboratorio del testing page  Login unsuccessfully with wrong password",
              "timedOut": null,
              "duration": 2182,
              "state": "passed",
              "speed": "fast",
              "pass": true,
              "fail": false,
              "pending": false,
              "context": null,
              "code": "cy.get('input[name=\"email\"]').type('huge2.test@gmail.com');\n        cy.get('input[name=\"password\"]').type('Monday12.1');\n        cy.get('[data-at=\"submit-login\"]').click();\n        cy.get('#swal2-html-container').should('have.text', 'No pudimos iniciar sesión con estas credenciales. Intenta de nuevo.')",
              "err": {},
              "uuid": "4fe3ded8-eb5c-448b-b97e-e9d4488e8a77",
              "parentUUID": "3844bbad-7f9e-49cd-9d78-4724da528327",
              "isHook": false,
              "skipped": false
            },
            {
              "title": "Login unsuccessfully by bug with unable button",
              "fullTitle": "test the Login Page for Laboratorio del testing page  Login unsuccessfully by bug with unable button",
              "timedOut": null,
              "duration": 6489,
              "state": "failed",
              "speed": null,
              "pass": false,
              "fail": true,
              "pending": false,
              "context": null,
              "code": "cy.get('input[name=\"email\"]').type('huge2.test@gmail.com');\ncy.get('input[name=\"password\"]').type('Monday12.');\ncy.get('input[name=\"email\"]').clear().type('whuge2.test@gmail.com');\ncy.get('[data-at=\"submit-login\"]').click();\ncy.get('[href=\"/my-account\"]').should('have.text', 'Mi Cuenta')",
              "err": {
                "message": "CypressError: Timed out retrying after 4050ms: `cy.click()` failed because this element is `disabled`:\n\n`<button data-at=\"submit-login\" class=\"bg-primaryColor text-white p-3 rounded-lg w-full primary-cta-hover transition-all duration-200 mb-5 font-bold disabled:opacity-25\" disabled=\"\">Iniciar...</button>`\n\nFix this problem, or use `{force: true}` to disable error checking.\n\nhttps://on.cypress.io/element-cannot-be-interacted-with",
                "estack": "CypressError: Timed out retrying after 4050ms: `cy.click()` failed because this element is `disabled`:\n\n`<button data-at=\"submit-login\" class=\"bg-primaryColor text-white p-3 rounded-lg w-full primary-cta-hover transition-all duration-200 mb-5 font-bold disabled:opacity-25\" disabled=\"\">Iniciar...</button>`\n\nFix this problem, or use `{force: true}` to disable error checking.\n\nhttps://on.cypress.io/element-cannot-be-interacted-with\n    at Object.isNotDisabled (https://www.laboratoriodetesting.com/__cypress/runner/cypress_runner.js:148344:58)\n    at runAllChecks (https://www.laboratoriodetesting.com/__cypress/runner/cypress_runner.js:114722:26)\n    at retryActionability (https://www.laboratoriodetesting.com/__cypress/runner/cypress_runner.js:114811:16)\n    at tryCatcher (https://www.laboratoriodetesting.com/__cypress/runner/cypress_runner.js:1777:23)\n    at Promise.attempt.Promise.try (https://www.laboratoriodetesting.com/__cypress/runner/cypress_runner.js:4285:29)\n    at whenStable (https://www.laboratoriodetesting.com/__cypress/runner/cypress_runner.js:147205:68)\n    at <unknown> (https://www.laboratoriodetesting.com/__cypress/runner/cypress_runner.js:147146:14)\n    at tryCatcher (https://www.laboratoriodetesting.com/__cypress/runner/cypress_runner.js:1777:23)\n    at Promise._settlePromiseFromHandler (https://www.laboratoriodetesting.com/__cypress/runner/cypress_runner.js:1489:31)\n    at Promise._settlePromise (https://www.laboratoriodetesting.com/__cypress/runner/cypress_runner.js:1546:18)\n    at Promise._settlePromise0 (https://www.laboratoriodetesting.com/__cypress/runner/cypress_runner.js:1591:10)\n    at Promise._settlePromises (https://www.laboratoriodetesting.com/__cypress/runner/cypress_runner.js:1671:18)\n    at Promise._fulfill (https://www.laboratoriodetesting.com/__cypress/runner/cypress_runner.js:1615:18)\n    at <unknown> (https://www.laboratoriodetesting.com/__cypress/runner/cypress_runner.js:5420:46)",
                "diff": null
              },
              "uuid": "1c2fe98e-acc9-4ae3-8c8c-7d27a2483b96",
              "parentUUID": "3844bbad-7f9e-49cd-9d78-4724da528327",
              "isHook": false,
              "skipped": false
            }
          ],
          "suites": [],
          "passes": [
            "6caf25aa-ae75-4c5f-883d-8e785412d550",
            "10683832-0a9f-4070-8086-ec4cca50a0f4",
            "4fe3ded8-eb5c-448b-b97e-e9d4488e8a77"
          ],
          "failures": [
            "1c2fe98e-acc9-4ae3-8c8c-7d27a2483b96"
          ],
          "pending": [],
          "skipped": [],
          "duration": 15098,
          "root": false,
          "rootEmpty": false,
          "_timeout": 2000
        }
      ],
      "passes": [],
      "failures": [],
      "pending": [],
      "skipped": [],
      "duration": 0,
      "root": true,
      "rootEmpty": true,
      "_timeout": 2000
    },
    {
      "uuid": "8f5e0412-e8ae-4c47-a2ed-0d8a5c5f93a3",
      "title": "",
      "fullFile": "cypress/e2e/product_purchase_suite/checkout_scenario.js",
      "file": "cypress/e2e/product_purchase_suite/checkout_scenario.js",
      "beforeHooks": [],
      "afterHooks": [],
      "tests": [],
      "suites": [
        {
          "uuid": "d23956a4-7f72-43d6-bbac-5628ae300042",
          "title": "test the E2E test for the checkout process ",
          "fullFile": "",
          "file": "",
          "beforeHooks": [],
          "afterHooks": [],
          "tests": [
            {
              "title": "Adding Product to the Shopping car",
              "fullTitle": "test the E2E test for the checkout process  Adding Product to the Shopping car",
              "timedOut": null,
              "duration": 4370,
              "state": "passed",
              "speed": "fast",
              "pass": true,
              "fail": false,
              "pending": false,
              "context": null,
              "code": "checkout_proces.addingfProductToShoppingCar();",
              "err": {},
              "uuid": "b21fd0d9-f76d-40a7-bde8-6a014bd651e7",
              "parentUUID": "d23956a4-7f72-43d6-bbac-5628ae300042",
              "isHook": false,
              "skipped": false
            },
            {
              "title": "Checkout process after adding itme to the shopping car",
              "fullTitle": "test the E2E test for the checkout process  Checkout process after adding itme to the shopping car",
              "timedOut": null,
              "duration": 9489,
              "state": "passed",
              "speed": "medium",
              "pass": true,
              "fail": false,
              "pending": false,
              "context": null,
              "code": "checkout_proces.CheckOutProcess();",
              "err": {},
              "uuid": "c7e9b391-2357-406d-959f-e7387451bc9a",
              "parentUUID": "d23956a4-7f72-43d6-bbac-5628ae300042",
              "isHook": false,
              "skipped": false
            }
          ],
          "suites": [],
          "passes": [
            "b21fd0d9-f76d-40a7-bde8-6a014bd651e7",
            "c7e9b391-2357-406d-959f-e7387451bc9a"
          ],
          "failures": [],
          "pending": [],
          "skipped": [],
          "duration": 13859,
          "root": false,
          "rootEmpty": false,
          "_timeout": 2000
        }
      ],
      "passes": [],
      "failures": [],
      "pending": [],
      "skipped": [],
      "duration": 0,
      "root": true,
      "rootEmpty": true,
      "_timeout": 2000
    },
    {
      "uuid": "731d99e7-21ad-430d-90ca-02c58d5cb4d2",
      "title": "",
      "fullFile": "cypress/e2e/User_registration_suite/user_registration_test.js",
      "file": "cypress/e2e/User_registration_suite/user_registration_test.js",
      "beforeHooks": [],
      "afterHooks": [],
      "tests": [],
      "suites": [
        {
          "uuid": "4c017c3f-9566-4c9b-84ba-8768d2abb8ba",
          "title": "tests to the register a new user ",
          "fullFile": "",
          "file": "",
          "beforeHooks": [],
          "afterHooks": [],
          "tests": [
            {
              "title": "Succesfull user registration",
              "fullTitle": "tests to the register a new user  Succesfull user registration",
              "timedOut": null,
              "duration": 5807,
              "state": "passed",
              "speed": "medium",
              "pass": true,
              "fail": false,
              "pending": false,
              "context": null,
              "code": "user_regsitration.user_succesfull_registration();",
              "err": {},
              "uuid": "3354c50e-ed3a-45e7-858c-b673d6a2123f",
              "parentUUID": "4c017c3f-9566-4c9b-84ba-8768d2abb8ba",
              "isHook": false,
              "skipped": false
            },
            {
              "title": "Unsuccesfull user registration wthout email, no meesage validation",
              "fullTitle": "tests to the register a new user  Unsuccesfull user registration wthout email, no meesage validation",
              "timedOut": null,
              "duration": 6180,
              "state": "failed",
              "speed": null,
              "pass": false,
              "fail": true,
              "pending": false,
              "context": null,
              "code": "user_regsitration.user_unsuccesfull_registration_no_email();",
              "err": {
                "message": "AssertionError: Timed out retrying after 4000ms: Expected to find element: `#swal2-title`, but never found it.",
                "estack": "AssertionError: Timed out retrying after 4000ms: Expected to find element: `#swal2-title`, but never found it.\n    at User_registration.user_unsuccesfull_registration_no_email (webpack://qa_automation_test_challenge_hernan_munera/./cypress/support/pageObjects/User_registration.js:26:0)\n    at Context.eval (webpack://qa_automation_test_challenge_hernan_munera/./cypress/e2e/User_registration_suite/user_registration_test.js:21:0)",
                "diff": null
              },
              "uuid": "0b8c55be-41e3-4060-acac-008f8cb51177",
              "parentUUID": "4c017c3f-9566-4c9b-84ba-8768d2abb8ba",
              "isHook": false,
              "skipped": false
            },
            {
              "title": "Unsuccesfull user registration without name, allows regsitration",
              "fullTitle": "tests to the register a new user  Unsuccesfull user registration without name, allows regsitration",
              "timedOut": null,
              "duration": 6296,
              "state": "failed",
              "speed": null,
              "pass": false,
              "fail": true,
              "pending": false,
              "context": null,
              "code": "user_regsitration.user_unsuccesfull_registration_No_Name();",
              "err": {
                "message": "AssertionError: Timed out retrying after 4000ms: expected '<div#swal2-html-container.swal2-html-container>' to have text 'name should not be empty', but the text was 'Tu usuario ha sido creado correctamente. Sigue las indicaciones de tu instructor para poder activar tu cuenta.'",
                "estack": "AssertionError: Timed out retrying after 4000ms: expected '<div#swal2-html-container.swal2-html-container>' to have text 'name should not be empty', but the text was 'Tu usuario ha sido creado correctamente. Sigue las indicaciones de tu instructor para poder activar tu cuenta.'\n    at User_registration.user_unsuccesfull_registration_No_Name (webpack://qa_automation_test_challenge_hernan_munera/./cypress/support/pageObjects/User_registration.js:40:0)\n    at Context.eval (webpack://qa_automation_test_challenge_hernan_munera/./cypress/e2e/User_registration_suite/user_registration_test.js:24:0)",
                "diff": "- 'Tu usuario ha sido creado correctamente. Sigue las indicaciones de tu instructor para poder activar tu cuenta.'\n+ 'name should not be empty'\n"
              },
              "uuid": "8e1bacf1-e84b-43c8-bb4d-265ada72afc4",
              "parentUUID": "4c017c3f-9566-4c9b-84ba-8768d2abb8ba",
              "isHook": false,
              "skipped": false
            },
            {
              "title": "Unsuccesfull user registration without Password",
              "fullTitle": "tests to the register a new user  Unsuccesfull user registration without Password",
              "timedOut": null,
              "duration": 6294,
              "state": "failed",
              "speed": null,
              "pass": false,
              "fail": true,
              "pending": false,
              "context": null,
              "code": "user_regsitration.user_unsuccesfull_registration_No_Password();",
              "err": {
                "message": "AssertionError: Timed out retrying after 4000ms: expected '<button.bg-primaryColor.text-white.p-3.rounded-lg.w-full.primary-cta-hover.transition-all.duration-200.mb-5.font-bold.disabled:opacity-25>' to be 'disabled'",
                "estack": "AssertionError: Timed out retrying after 4000ms: expected '<button.bg-primaryColor.text-white.p-3.rounded-lg.w-full.primary-cta-hover.transition-all.duration-200.mb-5.font-bold.disabled:opacity-25>' to be 'disabled'\n    at User_registration.user_unsuccesfull_registration_No_Password (webpack://qa_automation_test_challenge_hernan_munera/./cypress/support/pageObjects/User_registration.js:52:0)\n    at Context.eval (webpack://qa_automation_test_challenge_hernan_munera/./cypress/e2e/User_registration_suite/user_registration_test.js:27:0)",
                "diff": null
              },
              "uuid": "f35c3028-fb42-4fbd-a61b-5b1480e05366",
              "parentUUID": "4c017c3f-9566-4c9b-84ba-8768d2abb8ba",
              "isHook": false,
              "skipped": false
            },
            {
              "title": "Unsuccesfull user registration without Confirm Password",
              "fullTitle": "tests to the register a new user  Unsuccesfull user registration without Confirm Password",
              "timedOut": null,
              "duration": 6604,
              "state": "failed",
              "speed": null,
              "pass": false,
              "fail": true,
              "pending": false,
              "context": null,
              "code": "user_regsitration.user_unsuccesfull_registration_N0_Confirm_Pass();",
              "err": {
                "message": "AssertionError: Timed out retrying after 4000ms: expected '<button.bg-primaryColor.text-white.p-3.rounded-lg.w-full.primary-cta-hover.transition-all.duration-200.mb-5.font-bold.disabled:opacity-25>' to be 'disabled'",
                "estack": "AssertionError: Timed out retrying after 4000ms: expected '<button.bg-primaryColor.text-white.p-3.rounded-lg.w-full.primary-cta-hover.transition-all.duration-200.mb-5.font-bold.disabled:opacity-25>' to be 'disabled'\n    at User_registration.user_unsuccesfull_registration_N0_Confirm_Pass (webpack://qa_automation_test_challenge_hernan_munera/./cypress/support/pageObjects/User_registration.js:66:0)\n    at Context.eval (webpack://qa_automation_test_challenge_hernan_munera/./cypress/e2e/User_registration_suite/user_registration_test.js:30:0)",
                "diff": null
              },
              "uuid": "cd488af5-f88d-4f79-a11d-6e703529f159",
              "parentUUID": "4c017c3f-9566-4c9b-84ba-8768d2abb8ba",
              "isHook": false,
              "skipped": false
            }
          ],
          "suites": [],
          "passes": [
            "3354c50e-ed3a-45e7-858c-b673d6a2123f"
          ],
          "failures": [
            "0b8c55be-41e3-4060-acac-008f8cb51177",
            "8e1bacf1-e84b-43c8-bb4d-265ada72afc4",
            "f35c3028-fb42-4fbd-a61b-5b1480e05366",
            "cd488af5-f88d-4f79-a11d-6e703529f159"
          ],
          "pending": [],
          "skipped": [],
          "duration": 31181,
          "root": false,
          "rootEmpty": false,
          "_timeout": 2000
        }
      ],
      "passes": [],
      "failures": [],
      "pending": [],
      "skipped": [],
      "duration": 0,
      "root": true,
      "rootEmpty": true,
      "_timeout": 2000
    }
  ],
  "meta": {
    "mocha": {
      "version": "7.2.0"
    },
    "mochawesome": {
      "options": {
        "quiet": false,
        "reportFilename": "mochawesome",
        "saveHtml": false,
        "saveJson": true,
        "consoleReporter": "spec",
        "useInlineDiffs": false,
        "code": true
      },
      "version": "7.1.3"
    },
    "marge": {
      "options": {
        "id": "default",
        "reportDir": "cypress/results/mochawesome",
        "quite": true,
        "overwrite": false,
        "html": false,
        "json": true
      },
      "version": "6.2.0"
    }
  }
}