{
  "stats": {
    "suites": 1,
    "tests": 2,
    "passes": 2,
    "pending": 0,
    "failures": 0,
    "start": "2025-07-24T17:07:40.382Z",
    "end": "2025-07-24T17:07:56.083Z",
    "duration": 15701,
    "testsRegistered": 2,
    "passPercent": 100,
    "pendingPercent": 0,
    "other": 0,
    "hasOther": false,
    "skipped": 0,
    "hasSkipped": false
  },
  "results": [
    {
      "uuid": "8f5e0412-e8ae-4c47-a2ed-0d8a5c5f93a3",
      "title": "",
      "fullFile": "cypress/e2e/product_purchase_suite/checkout_scenario.js",
      "file": "cypress/e2e/product_purchase_suite/checkout_scenario.js",
      "beforeHooks": [],
      "afterHooks": [],
      "tests": [],
      "suites": [
        {
          "uuid": "d23956a4-7f72-43d6-bbac-5628ae300042",
          "title": "test the E2E test for the checkout process ",
          "fullFile": "",
          "file": "",
          "beforeHooks": [],
          "afterHooks": [],
          "tests": [
            {
              "title": "Adding Product to the Shopping car",
              "fullTitle": "test the E2E test for the checkout process  Adding Product to the Shopping car",
              "timedOut": null,
              "duration": 4370,
              "state": "passed",
              "speed": "fast",
              "pass": true,
              "fail": false,
              "pending": false,
              "context": null,
              "code": "checkout_proces.addingfProductToShoppingCar();",
              "err": {},
              "uuid": "b21fd0d9-f76d-40a7-bde8-6a014bd651e7",
              "parentUUID": "d23956a4-7f72-43d6-bbac-5628ae300042",
              "isHook": false,
              "skipped": false
            },
            {
              "title": "Checkout process after adding itme to the shopping car",
              "fullTitle": "test the E2E test for the checkout process  Checkout process after adding itme to the shopping car",
              "timedOut": null,
              "duration": 9489,
              "state": "passed",
              "speed": "medium",
              "pass": true,
              "fail": false,
              "pending": false,
              "context": null,
              "code": "checkout_proces.CheckOutProcess();",
              "err": {},
              "uuid": "c7e9b391-2357-406d-959f-e7387451bc9a",
              "parentUUID": "d23956a4-7f72-43d6-bbac-5628ae300042",
              "isHook": false,
              "skipped": false
            }
          ],
          "suites": [],
          "passes": [
            "b21fd0d9-f76d-40a7-bde8-6a014bd651e7",
            "c7e9b391-2357-406d-959f-e7387451bc9a"
          ],
          "failures": [],
          "pending": [],
          "skipped": [],
          "duration": 13859,
          "root": false,
          "rootEmpty": false,
          "_timeout": 2000
        }
      ],
      "passes": [],
      "failures": [],
      "pending": [],
      "skipped": [],
      "duration": 0,
      "root": true,
      "rootEmpty": true,
      "_timeout": 2000
    }
  ],
  "meta": {
    "mocha": {
      "version": "7.2.0"
    },
    "mochawesome": {
      "options": {
        "quiet": false,
        "reportFilename": "mochawesome",
        "saveHtml": false,
        "saveJson": true,
        "consoleReporter": "spec",
        "useInlineDiffs": false,
        "code": true
      },
      "version": "7.1.3"
    },
    "marge": {
      "options": {
        "id": "default",
        "reportDir": "cypress/results/mochawesome",
        "quite": true,
        "overwrite": false,
        "html": false,
        "json": true
      },
      "version": "6.2.0"
    }
  }
}