{
  "stats": {
    "suites": 1,
    "tests": 2,
    "passes": 2,
    "pending": 0,
    "failures": 0,
    "start": "2025-07-22T14:34:05.910Z",
    "end": "2025-07-22T14:34:21.450Z",
    "duration": 15540,
    "testsRegistered": 2,
    "passPercent": 100,
    "pendingPercent": 0,
    "other": 0,
    "hasOther": false,
    "skipped": 0,
    "hasSkipped": false
  },
  "results": [
    {
      "uuid": "0a337f96-12c3-47df-a09c-cc57779eedf3",
      "title": "",
      "fullFile": "cypress/e2e/product_purchase_suite/checkout_scenario.js",
      "file": "cypress/e2e/product_purchase_suite/checkout_scenario.js",
      "beforeHooks": [],
      "afterHooks": [],
      "tests": [],
      "suites": [
        {
          "uuid": "c7b84c7e-c916-4ea4-8e0e-0d86c2e49081",
          "title": "test the E2E test for the checkout process ",
          "fullFile": "",
          "file": "",
          "beforeHooks": [],
          "afterHooks": [],
          "tests": [
            {
              "title": "Adding Product to the Shopping car",
              "fullTitle": "test the E2E test for the checkout process  Adding Product to the Shopping car",
              "timedOut": null,
              "duration": 4345,
              "state": "passed",
              "speed": "fast",
              "pass": true,
              "fail": false,
              "pending": false,
              "context": null,
              "code": "checkout_proces.addingfProductToShoppingCar();",
              "err": {},
              "uuid": "12587061-507c-412f-8bc0-e0727d7d9c2f",
              "parentUUID": "c7b84c7e-c916-4ea4-8e0e-0d86c2e49081",
              "isHook": false,
              "skipped": false
            },
            {
              "title": "Checkout process after adding itme to the shopping car",
              "fullTitle": "test the E2E test for the checkout process  Checkout process after adding itme to the shopping car",
              "timedOut": null,
              "duration": 9384,
              "state": "passed",
              "speed": "medium",
              "pass": true,
              "fail": false,
              "pending": false,
              "context": null,
              "code": "checkout_proces.CheckOutProcess();",
              "err": {},
              "uuid": "94b0d052-8789-4c45-b56c-bef8a6bfed19",
              "parentUUID": "c7b84c7e-c916-4ea4-8e0e-0d86c2e49081",
              "isHook": false,
              "skipped": false
            }
          ],
          "suites": [],
          "passes": [
            "12587061-507c-412f-8bc0-e0727d7d9c2f",
            "94b0d052-8789-4c45-b56c-bef8a6bfed19"
          ],
          "failures": [],
          "pending": [],
          "skipped": [],
          "duration": 13729,
          "root": false,
          "rootEmpty": false,
          "_timeout": 2000
        }
      ],
      "passes": [],
      "failures": [],
      "pending": [],
      "skipped": [],
      "duration": 0,
      "root": true,
      "rootEmpty": true,
      "_timeout": 2000
    }
  ],
  "meta": {
    "mocha": {
      "version": "7.2.0"
    },
    "mochawesome": {
      "options": {
        "quiet": false,
        "reportFilename": "mochawesome",
        "saveHtml": false,
        "saveJson": true,
        "consoleReporter": "spec",
        "useInlineDiffs": false,
        "code": true
      },
      "version": "7.1.3"
    },
    "marge": {
      "options": {
        "id": "default",
        "reportDir": "cypress/results/mochawesome",
        "quite": true,
        "overwrite": false,
        "html": false,
        "json": true
      },
      "version": "6.2.0"
    }
  }
}