{
  "stats": {
    "suites": 1,
    "tests": 4,
    "passes": 3,
    "pending": 0,
    "failures": 1,
    "start": "2025-07-24T17:07:21.541Z",
    "end": "2025-07-24T17:07:38.426Z",
    "duration": 16885,
    "testsRegistered": 4,
    "passPercent": 75,
    "pendingPercent": 0,
    "other": 0,
    "hasOther": false,
    "skipped": 0,
    "hasSkipped": false
  },
  "results": [
    {
      "uuid": "53dbabb7-668f-48bc-bd9b-b30789d5447c",
      "title": "",
      "fullFile": "cypress/e2e/login_suite/LogIn.js",
      "file": "cypress/e2e/login_suite/LogIn.js",
      "beforeHooks": [],
      "afterHooks": [],
      "tests": [],
      "suites": [
        {
          "uuid": "3844bbad-7f9e-49cd-9d78-4724da528327",
          "title": "test the Login Page for Laboratorio del testing page ",
          "fullFile": "",
          "file": "",
          "beforeHooks": [],
          "afterHooks": [],
          "tests": [
            {
              "title": "Login successfully",
              "fullTitle": "test the Login Page for Laboratorio del testing page  Login successfully",
              "timedOut": null,
              "duration": 4322,
              "state": "passed",
              "speed": "fast",
              "pass": true,
              "fail": false,
              "pending": false,
              "context": null,
              "code": "cy.get('input[name=\"email\"]').type('huge2.test@gmail.com');\ncy.get('input[name=\"password\"]').type('Monday12.');\ncy.get('[data-at=\"submit-login\"]').click();\ncy.get('[href=\"/my-account\"]').should('have.text', 'Mi Cuenta')",
              "err": {},
              "uuid": "6caf25aa-ae75-4c5f-883d-8e785412d550",
              "parentUUID": "3844bbad-7f9e-49cd-9d78-4724da528327",
              "isHook": false,
              "skipped": false
            },
            {
              "title": "Login unsuccessfully with wrong email",
              "fullTitle": "test the Login Page for Laboratorio del testing page  Login unsuccessfully with wrong email",
              "timedOut": null,
              "duration": 2105,
              "state": "passed",
              "speed": "fast",
              "pass": true,
              "fail": false,
              "pending": false,
              "context": null,
              "code": "cy.get('input[name=\"email\"]').type('whuge2.test@gmail.com');\ncy.get('input[name=\"password\"]').type('Monday12.');\ncy.get('[data-at=\"submit-login\"]').click();\ncy.get('#swal2-html-container').should('have.text', 'No pudimos iniciar sesión con estas credenciales. Intenta de nuevo.')",
              "err": {},
              "uuid": "10683832-0a9f-4070-8086-ec4cca50a0f4",
              "parentUUID": "3844bbad-7f9e-49cd-9d78-4724da528327",
              "isHook": false,
              "skipped": false
            },
            {
              "title": "Login unsuccessfully with wrong password",
              "fullTitle": "test the Login Page for Laboratorio del testing page  Login unsuccessfully with wrong password",
              "timedOut": null,
              "duration": 2182,
              "state": "passed",
              "speed": "fast",
              "pass": true,
              "fail": false,
              "pending": false,
              "context": null,
              "code": "cy.get('input[name=\"email\"]').type('huge2.test@gmail.com');\n        cy.get('input[name=\"password\"]').type('Monday12.1');\n        cy.get('[data-at=\"submit-login\"]').click();\n        cy.get('#swal2-html-container').should('have.text', 'No pudimos iniciar sesión con estas credenciales. Intenta de nuevo.')",
              "err": {},
              "uuid": "4fe3ded8-eb5c-448b-b97e-e9d4488e8a77",
              "parentUUID": "3844bbad-7f9e-49cd-9d78-4724da528327",
              "isHook": false,
              "skipped": false
            },
            {
              "title": "Login unsuccessfully by bug with unable button",
              "fullTitle": "test the Login Page for Laboratorio del testing page  Login unsuccessfully by bug with unable button",
              "timedOut": null,
              "duration": 6489,
              "state": "failed",
              "speed": null,
              "pass": false,
              "fail": true,
              "pending": false,
              "context": null,
              "code": "cy.get('input[name=\"email\"]').type('huge2.test@gmail.com');\ncy.get('input[name=\"password\"]').type('Monday12.');\ncy.get('input[name=\"email\"]').clear().type('whuge2.test@gmail.com');\ncy.get('[data-at=\"submit-login\"]').click();\ncy.get('[href=\"/my-account\"]').should('have.text', 'Mi Cuenta')",
              "err": {
                "message": "CypressError: Timed out retrying after 4050ms: `cy.click()` failed because this element is `disabled`:\n\n`<button data-at=\"submit-login\" class=\"bg-primaryColor text-white p-3 rounded-lg w-full primary-cta-hover transition-all duration-200 mb-5 font-bold disabled:opacity-25\" disabled=\"\">Iniciar...</button>`\n\nFix this problem, or use `{force: true}` to disable error checking.\n\nhttps://on.cypress.io/element-cannot-be-interacted-with",
                "estack": "CypressError: Timed out retrying after 4050ms: `cy.click()` failed because this element is `disabled`:\n\n`<button data-at=\"submit-login\" class=\"bg-primaryColor text-white p-3 rounded-lg w-full primary-cta-hover transition-all duration-200 mb-5 font-bold disabled:opacity-25\" disabled=\"\">Iniciar...</button>`\n\nFix this problem, or use `{force: true}` to disable error checking.\n\nhttps://on.cypress.io/element-cannot-be-interacted-with\n    at Object.isNotDisabled (https://www.laboratoriodetesting.com/__cypress/runner/cypress_runner.js:148344:58)\n    at runAllChecks (https://www.laboratoriodetesting.com/__cypress/runner/cypress_runner.js:114722:26)\n    at retryActionability (https://www.laboratoriodetesting.com/__cypress/runner/cypress_runner.js:114811:16)\n    at tryCatcher (https://www.laboratoriodetesting.com/__cypress/runner/cypress_runner.js:1777:23)\n    at Promise.attempt.Promise.try (https://www.laboratoriodetesting.com/__cypress/runner/cypress_runner.js:4285:29)\n    at whenStable (https://www.laboratoriodetesting.com/__cypress/runner/cypress_runner.js:147205:68)\n    at <unknown> (https://www.laboratoriodetesting.com/__cypress/runner/cypress_runner.js:147146:14)\n    at tryCatcher (https://www.laboratoriodetesting.com/__cypress/runner/cypress_runner.js:1777:23)\n    at Promise._settlePromiseFromHandler (https://www.laboratoriodetesting.com/__cypress/runner/cypress_runner.js:1489:31)\n    at Promise._settlePromise (https://www.laboratoriodetesting.com/__cypress/runner/cypress_runner.js:1546:18)\n    at Promise._settlePromise0 (https://www.laboratoriodetesting.com/__cypress/runner/cypress_runner.js:1591:10)\n    at Promise._settlePromises (https://www.laboratoriodetesting.com/__cypress/runner/cypress_runner.js:1671:18)\n    at Promise._fulfill (https://www.laboratoriodetesting.com/__cypress/runner/cypress_runner.js:1615:18)\n    at <unknown> (https://www.laboratoriodetesting.com/__cypress/runner/cypress_runner.js:5420:46)",
                "diff": null
              },
              "uuid": "1c2fe98e-acc9-4ae3-8c8c-7d27a2483b96",
              "parentUUID": "3844bbad-7f9e-49cd-9d78-4724da528327",
              "isHook": false,
              "skipped": false
            }
          ],
          "suites": [],
          "passes": [
            "6caf25aa-ae75-4c5f-883d-8e785412d550",
            "10683832-0a9f-4070-8086-ec4cca50a0f4",
            "4fe3ded8-eb5c-448b-b97e-e9d4488e8a77"
          ],
          "failures": [
            "1c2fe98e-acc9-4ae3-8c8c-7d27a2483b96"
          ],
          "pending": [],
          "skipped": [],
          "duration": 15098,
          "root": false,
          "rootEmpty": false,
          "_timeout": 2000
        }
      ],
      "passes": [],
      "failures": [],
      "pending": [],
      "skipped": [],
      "duration": 0,
      "root": true,
      "rootEmpty": true,
      "_timeout": 2000
    }
  ],
  "meta": {
    "mocha": {
      "version": "7.2.0"
    },
    "mochawesome": {
      "options": {
        "quiet": false,
        "reportFilename": "mochawesome",
        "saveHtml": false,
        "saveJson": true,
        "consoleReporter": "spec",
        "useInlineDiffs": false,
        "code": true
      },
      "version": "7.1.3"
    },
    "marge": {
      "options": {
        "id": "default",
        "reportDir": "cypress/results/mochawesome",
        "quite": true,
        "overwrite": false,
        "html": false,
        "json": true
      },
      "version": "6.2.0"
    }
  }
}