{
  "stats": {
    "suites": 1,
    "tests": 5,
    "passes": 1,
    "pending": 0,
    "failures": 4,
    "start": "2025-07-22T14:33:12.076Z",
    "end": "2025-07-22T14:33:45.381Z",
    "duration": 33305,
    "testsRegistered": 5,
    "passPercent": 20,
    "pendingPercent": 0,
    "other": 0,
    "hasOther": false,
    "skipped": 0,
    "hasSkipped": false
  },
  "results": [
    {
      "uuid": "4dae3179-340e-42c0-a7d8-f8ba6dbceda3",
      "title": "",
      "fullFile": "cypress/e2e/User_registration_suite/user_registration_test.js",
      "file": "cypress/e2e/User_registration_suite/user_registration_test.js",
      "beforeHooks": [],
      "afterHooks": [],
      "tests": [],
      "suites": [
        {
          "uuid": "09406528-6bde-4ec6-bf6e-dc6c68531ffd",
          "title": "test the register a new user ",
          "fullFile": "",
          "file": "",
          "beforeHooks": [],
          "afterHooks": [],
          "tests": [
            {
              "title": "Succesfull user registration",
              "fullTitle": "test the register a new user  Succesfull user registration",
              "timedOut": null,
              "duration": 5816,
              "state": "passed",
              "speed": "medium",
              "pass": true,
              "fail": false,
              "pending": false,
              "context": null,
              "code": "user_regsitration.user_succesfull_registration();",
              "err": {},
              "uuid": "387bc8bf-5fc7-4d7c-94d4-7abed4fd5a1e",
              "parentUUID": "09406528-6bde-4ec6-bf6e-dc6c68531ffd",
              "isHook": false,
              "skipped": false
            },
            {
              "title": "Unsuccesfull user registration wthout email, no meesage validation",
              "fullTitle": "test the register a new user  Unsuccesfull user registration wthout email, no meesage validation",
              "timedOut": null,
              "duration": 6199,
              "state": "failed",
              "speed": null,
              "pass": false,
              "fail": true,
              "pending": false,
              "context": null,
              "code": "user_regsitration.user_unsuccesfull_registration_no_email();",
              "err": {
                "message": "AssertionError: Timed out retrying after 4000ms: Expected to find element: `#swal2-title`, but never found it.",
                "estack": "AssertionError: Timed out retrying after 4000ms: Expected to find element: `#swal2-title`, but never found it.\n    at User_registration.user_unsuccesfull_registration_no_email (webpack://qa_automation_test_challenge_hernan_munera/./cypress/support/pageObjects/User_registration.js:26:0)\n    at Context.eval (webpack://qa_automation_test_challenge_hernan_munera/./cypress/e2e/User_registration_suite/user_registration_test.js:21:0)",
                "diff": null
              },
              "uuid": "0e239563-67f2-488f-9667-c640060b0085",
              "parentUUID": "09406528-6bde-4ec6-bf6e-dc6c68531ffd",
              "isHook": false,
              "skipped": false
            },
            {
              "title": "Unsuccesfull user registration without name, allows regsitration",
              "fullTitle": "test the register a new user  Unsuccesfull user registration without name, allows regsitration",
              "timedOut": null,
              "duration": 6317,
              "state": "failed",
              "speed": null,
              "pass": false,
              "fail": true,
              "pending": false,
              "context": null,
              "code": "user_regsitration.user_unsuccesfull_registration_No_Name();",
              "err": {
                "message": "AssertionError: Timed out retrying after 4000ms: expected '<div#swal2-html-container.swal2-html-container>' to have text 'name should not be empty', but the text was 'Tu usuario ha sido creado correctamente. Sigue las indicaciones de tu instructor para poder activar tu cuenta.'",
                "estack": "AssertionError: Timed out retrying after 4000ms: expected '<div#swal2-html-container.swal2-html-container>' to have text 'name should not be empty', but the text was 'Tu usuario ha sido creado correctamente. Sigue las indicaciones de tu instructor para poder activar tu cuenta.'\n    at User_registration.user_unsuccesfull_registration_No_Name (webpack://qa_automation_test_challenge_hernan_munera/./cypress/support/pageObjects/User_registration.js:40:0)\n    at Context.eval (webpack://qa_automation_test_challenge_hernan_munera/./cypress/e2e/User_registration_suite/user_registration_test.js:24:0)",
                "diff": "- 'Tu usuario ha sido creado correctamente. Sigue las indicaciones de tu instructor para poder activar tu cuenta.'\n+ 'name should not be empty'\n"
              },
              "uuid": "0e83a7de-e852-4671-a6ed-561f4ab72c2f",
              "parentUUID": "09406528-6bde-4ec6-bf6e-dc6c68531ffd",
              "isHook": false,
              "skipped": false
            },
            {
              "title": "Unsuccesfull user registration without Password",
              "fullTitle": "test the register a new user  Unsuccesfull user registration without Password",
              "timedOut": null,
              "duration": 6260,
              "state": "failed",
              "speed": null,
              "pass": false,
              "fail": true,
              "pending": false,
              "context": null,
              "code": "user_regsitration.user_unsuccesfull_registration_No_Password();",
              "err": {
                "message": "AssertionError: Timed out retrying after 4000ms: expected '<button.bg-primaryColor.text-white.p-3.rounded-lg.w-full.primary-cta-hover.transition-all.duration-200.mb-5.font-bold.disabled:opacity-25>' to be 'disabled'",
                "estack": "AssertionError: Timed out retrying after 4000ms: expected '<button.bg-primaryColor.text-white.p-3.rounded-lg.w-full.primary-cta-hover.transition-all.duration-200.mb-5.font-bold.disabled:opacity-25>' to be 'disabled'\n    at User_registration.user_unsuccesfull_registration_No_Password (webpack://qa_automation_test_challenge_hernan_munera/./cypress/support/pageObjects/User_registration.js:52:0)\n    at Context.eval (webpack://qa_automation_test_challenge_hernan_munera/./cypress/e2e/User_registration_suite/user_registration_test.js:27:0)",
                "diff": null
              },
              "uuid": "c2e5396f-8fd5-422b-ae0f-74754fed45ce",
              "parentUUID": "09406528-6bde-4ec6-bf6e-dc6c68531ffd",
              "isHook": false,
              "skipped": false
            },
            {
              "title": "Unsuccesfull user registration without Confirm Password",
              "fullTitle": "test the register a new user  Unsuccesfull user registration without Confirm Password",
              "timedOut": null,
              "duration": 6274,
              "state": "failed",
              "speed": null,
              "pass": false,
              "fail": true,
              "pending": false,
              "context": null,
              "code": "user_regsitration.user_unsuccesfull_registration_N0_Confirm_Pass();",
              "err": {
                "message": "AssertionError: Timed out retrying after 4000ms: expected '<button.bg-primaryColor.text-white.p-3.rounded-lg.w-full.primary-cta-hover.transition-all.duration-200.mb-5.font-bold.disabled:opacity-25>' to be 'disabled'",
                "estack": "AssertionError: Timed out retrying after 4000ms: expected '<button.bg-primaryColor.text-white.p-3.rounded-lg.w-full.primary-cta-hover.transition-all.duration-200.mb-5.font-bold.disabled:opacity-25>' to be 'disabled'\n    at User_registration.user_unsuccesfull_registration_N0_Confirm_Pass (webpack://qa_automation_test_challenge_hernan_munera/./cypress/support/pageObjects/User_registration.js:66:0)\n    at Context.eval (webpack://qa_automation_test_challenge_hernan_munera/./cypress/e2e/User_registration_suite/user_registration_test.js:30:0)",
                "diff": null
              },
              "uuid": "f050ce6a-7110-4917-8e7b-fd6c70250f33",
              "parentUUID": "09406528-6bde-4ec6-bf6e-dc6c68531ffd",
              "isHook": false,
              "skipped": false
            }
          ],
          "suites": [],
          "passes": [
            "387bc8bf-5fc7-4d7c-94d4-7abed4fd5a1e"
          ],
          "failures": [
            "0e239563-67f2-488f-9667-c640060b0085",
            "0e83a7de-e852-4671-a6ed-561f4ab72c2f",
            "c2e5396f-8fd5-422b-ae0f-74754fed45ce",
            "f050ce6a-7110-4917-8e7b-fd6c70250f33"
          ],
          "pending": [],
          "skipped": [],
          "duration": 30866,
          "root": false,
          "rootEmpty": false,
          "_timeout": 2000
        }
      ],
      "passes": [],
      "failures": [],
      "pending": [],
      "skipped": [],
      "duration": 0,
      "root": true,
      "rootEmpty": true,
      "_timeout": 2000
    }
  ],
  "meta": {
    "mocha": {
      "version": "7.2.0"
    },
    "mochawesome": {
      "options": {
        "quiet": false,
        "reportFilename": "mochawesome",
        "saveHtml": false,
        "saveJson": true,
        "consoleReporter": "spec",
        "useInlineDiffs": false,
        "code": true
      },
      "version": "7.1.3"
    },
    "marge": {
      "options": {
        "id": "default",
        "reportDir": "cypress/results/mochawesome",
        "quite": true,
        "overwrite": false,
        "html": false,
        "json": true
      },
      "version": "6.2.0"
    }
  }
}